#
# There is insufficient memory for the Java Runtime Environment to continue.
# Native memory allocation (malloc) failed to allocate 366096 bytes for Chunk::new
# Possible reasons:
#   The system is out of physical RAM or swap space
#   The process is running with CompressedOops enabled, and the Java Heap may be blocking the growth of the native heap
# Possible solutions:
#   Reduce memory load on the system
#   Increase physical memory or swap space
#   Check if swap backing store is full
#   Decrease Java heap size (-Xmx/-Xms)
#   Decrease number of Java threads
#   Decrease Java thread stack sizes (-Xss)
#   Set larger code cache with -XX:ReservedCodeCacheSize=
#   JVM is running with Unscaled Compressed Oops mode in which the Java heap is
#     placed in the first 4GB address space. The Java Heap base address is the
#     maximum limit for the native heap growth. Please use -XX:HeapBaseMinAddress
#     to set the Java Heap base and to place the Java Heap above 4GB virtual address.
# This output file may be truncated or incomplete.
#
#  Out of Memory Error (arena.cpp:189), pid=11184, tid=11476
#
# JRE version: Java(TM) SE Runtime Environment (17.0.8+9) (build 17.0.8+9-LTS-211)
# Java VM: Java HotSpot(TM) 64-Bit Server VM (17.0.8+9-LTS-211, mixed mode, sharing, tiered, compressed oops, compressed class ptrs, g1 gc, windows-amd64)
# No core dump will be written. Minidumps are not enabled by default on client versions of Windows
#

---------------  S U M M A R Y ------------

Command Line: -javaagent:C:\Program Files\JetBrains\IntelliJ IDEA Community Edition 2023.2.1\lib\idea_rt.jar=63838:C:\Program Files\JetBrains\IntelliJ IDEA Community Edition 2023.2.1\bin -Dfile.encoding=UTF-8 com.springboot.springbootannotations.SpringbootAnnotationsApplication

Host: AMD EPYC 7452 32-Core Processor                , 2 cores, 7G,  Windows 10 , 64 bit Build 19041 (10.0.19041.3155)
Time: Fri Sep  8 06:04:18 2023 Coordinated Universal Time elapsed time: 28.276768 seconds (0d 0h 0m 28s)

---------------  T H R E A D  ---------------

Current thread (0x000001c7683a9880):  JavaThread "C2 CompilerThread0" daemon [_thread_in_native, id=11476, stack(0x00000001e8800000,0x00000001e8900000)]


Current CompileTask:
C2:  28276 6282       4       java.net.URLStreamHandler::toExternalForm (156 bytes)

Stack: [0x00000001e8800000,0x00000001e8900000]
Native frames: (J=compiled Java code, j=interpreted, Vv=VM code, C=native code)
V  [jvm.dll+0x677d0a]
V  [jvm.dll+0x7d8c54]
V  [jvm.dll+0x7da3fe]
V  [jvm.dll+0x7daa63]
V  [jvm.dll+0x245c5f]
V  [jvm.dll+0xaaa6b]
V  [jvm.dll+0xab00c]
V  [jvm.dll+0x361e8e]
V  [jvm.dll+0x1bba6a]
V  [jvm.dll+0x218157]
V  [jvm.dll+0x217431]
V  [jvm.dll+0x1a3af0]
V  [jvm.dll+0x2270be]
V  [jvm.dll+0x22535b]
V  [jvm.dll+0x78e7bc]
V  [jvm.dll+0x788bba]
V  [jvm.dll+0x676b35]
C  [ucrtbase.dll+0x21bb2]
C  [KERNEL32.DLL+0x17614]
C  [ntdll.dll+0x526b1]


---------------  P R O C E S S  ---------------

Threads class SMR info:
_java_thread_list=0x000001c76f5fed90, length=32, elements={
0x000001c768396100, 0x000001c768396e80, 0x000001c7683a59f0, 0x000001c7683a62b0,
0x000001c7683a6b70, 0x000001c7683a8be0, 0x000001c7683a9880, 0x000001c7683ae670,
0x000001c7683cfec0, 0x000001c7685bafc0, 0x000001c76885cea0, 0x000001c76871d3b0,
0x000001c76e7ea740, 0x000001c76e7e9400, 0x000001c76e7e8590, 0x000001c76e7e80c0,
0x000001c76e7e8a60, 0x000001c76e7eac10, 0x000001c76e7ea270, 0x000001c76e7eb0e0,
0x000001c76e7eb5b0, 0x000001c76e7eba80, 0x000001c76f9a3d90, 0x000001c76f99e220,
0x000001c76f9a2a50, 0x000001c76f9a2580, 0x000001c76f9a2f20, 0x000001c76f9a03d0,
0x000001c76f9a4c00, 0x000001c76f99ff00, 0x000001c76f9a4260, 0x000001c76f9a33f0
}

Java Threads: ( => current thread )
  0x000001c768396100 JavaThread "Reference Handler" daemon [_thread_blocked, id=9084, stack(0x00000001e8200000,0x00000001e8300000)]
  0x000001c768396e80 JavaThread "Finalizer" daemon [_thread_blocked, id=12412, stack(0x00000001e8300000,0x00000001e8400000)]
  0x000001c7683a59f0 JavaThread "Signal Dispatcher" daemon [_thread_blocked, id=2900, stack(0x00000001e8400000,0x00000001e8500000)]
  0x000001c7683a62b0 JavaThread "Attach Listener" daemon [_thread_blocked, id=11356, stack(0x00000001e8500000,0x00000001e8600000)]
  0x000001c7683a6b70 JavaThread "Service Thread" daemon [_thread_blocked, id=1692, stack(0x00000001e8600000,0x00000001e8700000)]
  0x000001c7683a8be0 JavaThread "Monitor Deflation Thread" daemon [_thread_blocked, id=6760, stack(0x00000001e8700000,0x00000001e8800000)]
=>0x000001c7683a9880 JavaThread "C2 CompilerThread0" daemon [_thread_in_native, id=11476, stack(0x00000001e8800000,0x00000001e8900000)]
  0x000001c7683ae670 JavaThread "C1 CompilerThread0" daemon [_thread_blocked, id=12104, stack(0x00000001e8900000,0x00000001e8a00000)]
  0x000001c7683cfec0 JavaThread "Sweeper thread" daemon [_thread_blocked, id=3988, stack(0x00000001e8a00000,0x00000001e8b00000)]
  0x000001c7685bafc0 JavaThread "Common-Cleaner" daemon [_thread_blocked, id=12424, stack(0x00000001e8b00000,0x00000001e8c00000)]
  0x000001c76885cea0 JavaThread "Monitor Ctrl-Break" daemon [_thread_in_native, id=5336, stack(0x00000001e8c00000,0x00000001e8d00000)]
  0x000001c76871d3b0 JavaThread "Notification Thread" daemon [_thread_blocked, id=12964, stack(0x00000001e8d00000,0x00000001e8e00000)]
  0x000001c76e7ea740 JavaThread "Catalina-utility-1" [_thread_blocked, id=5468, stack(0x00000001e9300000,0x00000001e9400000)]
  0x000001c76e7e9400 JavaThread "Catalina-utility-2" [_thread_blocked, id=4576, stack(0x00000001e9400000,0x00000001e9500000)]
  0x000001c76e7e8590 JavaThread "container-0" [_thread_blocked, id=5708, stack(0x00000001e9500000,0x00000001e9600000)]
  0x000001c76e7e80c0 JavaThread "mysql-cj-abandoned-connection-cleanup" daemon [_thread_blocked, id=11132, stack(0x00000001e9600000,0x00000001e9700000)]
  0x000001c76e7e8a60 JavaThread "HikariPool-1 housekeeper" daemon [_thread_blocked, id=11668, stack(0x00000001e9800000,0x00000001e9900000)]
  0x000001c76e7eac10 JavaThread "File Watcher" daemon [_thread_blocked, id=9212, stack(0x00000001e9a00000,0x00000001e9b00000)]
  0x000001c76e7ea270 JavaThread "Live Reload Server" daemon [_thread_in_native, id=7828, stack(0x00000001e9b00000,0x00000001e9c00000)]
  0x000001c76e7eb0e0 JavaThread "http-nio-8085-exec-1" daemon [_thread_blocked, id=3064, stack(0x00000001e9c00000,0x00000001e9d00000)]
  0x000001c76e7eb5b0 JavaThread "http-nio-8085-exec-2" daemon [_thread_in_vm, id=6116, stack(0x00000001e9d00000,0x00000001e9e00000)]
  0x000001c76e7eba80 JavaThread "http-nio-8085-exec-3" daemon [_thread_blocked, id=9728, stack(0x00000001e9e00000,0x00000001e9f00000)]
  0x000001c76f9a3d90 JavaThread "http-nio-8085-exec-4" daemon [_thread_blocked, id=11756, stack(0x00000001e9f00000,0x00000001ea000000)]
  0x000001c76f99e220 JavaThread "http-nio-8085-exec-5" daemon [_thread_blocked, id=10376, stack(0x00000001ea000000,0x00000001ea100000)]
  0x000001c76f9a2a50 JavaThread "http-nio-8085-exec-6" daemon [_thread_blocked, id=11960, stack(0x00000001ea100000,0x00000001ea200000)]
  0x000001c76f9a2580 JavaThread "http-nio-8085-exec-7" daemon [_thread_blocked, id=5828, stack(0x00000001ea200000,0x00000001ea300000)]
  0x000001c76f9a2f20 JavaThread "http-nio-8085-exec-8" daemon [_thread_blocked, id=12940, stack(0x00000001ea300000,0x00000001ea400000)]
  0x000001c76f9a03d0 JavaThread "http-nio-8085-exec-9" daemon [_thread_blocked, id=7116, stack(0x00000001ea400000,0x00000001ea500000)]
  0x000001c76f9a4c00 JavaThread "http-nio-8085-exec-10" daemon [_thread_blocked, id=5400, stack(0x00000001ea500000,0x00000001ea600000)]
  0x000001c76f99ff00 JavaThread "http-nio-8085-Poller" daemon [_thread_in_native, id=12344, stack(0x00000001ea600000,0x00000001ea700000)]
  0x000001c76f9a4260 JavaThread "http-nio-8085-Acceptor" daemon [_thread_in_native, id=3244, stack(0x00000001ea700000,0x00000001ea800000)]
  0x000001c76f9a33f0 JavaThread "DestroyJavaVM" [_thread_blocked, id=6392, stack(0x00000001e7b00000,0x00000001e7c00000)]

Other Threads:
  0x000001c76838f580 VMThread "VM Thread" [stack: 0x00000001e8100000,0x00000001e8200000] [id=10580]
  0x000001c74b04e9a0 WatcherThread [stack: 0x00000001e8e00000,0x00000001e8f00000] [id=7444]
  0x000001c74b0354f0 GCTaskThread "GC Thread#0" [stack: 0x00000001e7c00000,0x00000001e7d00000] [id=10692]
  0x000001c768799660 GCTaskThread "GC Thread#1" [stack: 0x00000001e8f00000,0x00000001e9000000] [id=10588]
  0x000001c74b0471d0 ConcurrentGCThread "G1 Main Marker" [stack: 0x00000001e7d00000,0x00000001e7e00000] [id=7060]
  0x000001c74b048290 ConcurrentGCThread "G1 Conc#0" [stack: 0x00000001e7e00000,0x00000001e7f00000] [id=10756]
  0x000001c74b0a97f0 ConcurrentGCThread "G1 Refine#0" [stack: 0x00000001e7f00000,0x00000001e8000000] [id=8444]
  0x000001c76e6cd340 ConcurrentGCThread "G1 Refine#1" [stack: 0x00000001e9000000,0x00000001e9100000] [id=6024]
  0x000001c7682501f0 ConcurrentGCThread "G1 Service" [stack: 0x00000001e8000000,0x00000001e8100000] [id=8964]

Threads with active compile tasks:
C2 CompilerThread0    28293 6282       4       java.net.URLStreamHandler::toExternalForm (156 bytes)

VM state: not at safepoint (normal execution)

VM Mutex/Monitor currently owned by a thread: None

Heap address: 0x0000000080c00000, size: 2036 MB, Compressed Oops mode: 32-bit

CDS archive(s) mapped at: [0x000001c700000000-0x000001c700bd0000-0x000001c700bd0000), size 12386304, SharedBaseAddress: 0x000001c700000000, ArchiveRelocationMode: 1.
Compressed class space mapped at: 0x000001c701000000-0x000001c741000000, reserved size: 1073741824
Narrow klass base: 0x000001c700000000, Narrow klass shift: 0, Narrow klass range: 0x100000000

GC Precious Log:
 CPUs: 2 total, 2 available
 Memory: 8140M
 Large Page Support: Disabled
 NUMA Support: Disabled
 Compressed Oops: Enabled (32-bit)
 Heap Region Size: 1M
 Heap Min Capacity: 8M
 Heap Initial Capacity: 128M
 Heap Max Capacity: 2036M
 Pre-touch: Disabled
 Parallel Workers: 2
 Concurrent Workers: 1
 Concurrent Refinement Workers: 2
 Periodic GC: Disabled

Heap:
 garbage-first heap   total 149504K, used 90189K [0x0000000080c00000, 0x0000000100000000)
  region size 1024K, 46 young (47104K), 8 survivors (8192K)
 Metaspace       used 67399K, committed 67968K, reserved 1114112K
  class space    used 8996K, committed 9280K, reserved 1048576K

Heap Regions: E=young(eden), S=young(survivor), O=old, HS=humongous(starts), HC=humongous(continues), CS=collection set, F=free, OA=open archive, CA=closed archive, TAMS=top-at-mark-start (previous, next)
|   0|0x0000000080c00000, 0x0000000080d00000, 0x0000000080d00000|100%|HS|  |TAMS 0x0000000080d00000, 0x0000000080d00000| Complete 
|   1|0x0000000080d00000, 0x0000000080e00000, 0x0000000080e00000|100%| O|  |TAMS 0x0000000080e00000, 0x0000000080e00000| Untracked 
|   2|0x0000000080e00000, 0x0000000080f00000, 0x0000000080f00000|100%| O|  |TAMS 0x0000000080f00000, 0x0000000080f00000| Untracked 
|   3|0x0000000080f00000, 0x0000000081000000, 0x0000000081000000|100%| O|  |TAMS 0x0000000081000000, 0x0000000081000000| Untracked 
|   4|0x0000000081000000, 0x0000000081100000, 0x0000000081100000|100%| O|  |TAMS 0x0000000081100000, 0x0000000081100000| Untracked 
|   5|0x0000000081100000, 0x0000000081200000, 0x0000000081200000|100%| O|  |TAMS 0x0000000081200000, 0x0000000081200000| Untracked 
|   6|0x0000000081200000, 0x0000000081300000, 0x0000000081300000|100%| O|  |TAMS 0x0000000081300000, 0x0000000081300000| Untracked 
|   7|0x0000000081300000, 0x0000000081400000, 0x0000000081400000|100%| O|  |TAMS 0x0000000081400000, 0x0000000081400000| Untracked 
|   8|0x0000000081400000, 0x0000000081500000, 0x0000000081500000|100%| O|  |TAMS 0x0000000081500000, 0x0000000081500000| Untracked 
|   9|0x0000000081500000, 0x0000000081600000, 0x0000000081600000|100%| O|  |TAMS 0x0000000081600000, 0x0000000081600000| Untracked 
|  10|0x0000000081600000, 0x0000000081700000, 0x0000000081700000|100%| O|  |TAMS 0x0000000081700000, 0x0000000081700000| Untracked 
|  11|0x0000000081700000, 0x0000000081800000, 0x0000000081800000|100%| O|  |TAMS 0x0000000081800000, 0x0000000081800000| Untracked 
|  12|0x0000000081800000, 0x0000000081900000, 0x0000000081900000|100%| O|  |TAMS 0x0000000081900000, 0x0000000081900000| Untracked 
|  13|0x0000000081900000, 0x0000000081a00000, 0x0000000081a00000|100%| O|  |TAMS 0x0000000081a00000, 0x0000000081a00000| Untracked 
|  14|0x0000000081a00000, 0x0000000081b00000, 0x0000000081b00000|100%| O|  |TAMS 0x0000000081b00000, 0x0000000081b00000| Untracked 
|  15|0x0000000081b00000, 0x0000000081c00000, 0x0000000081c00000|100%| O|  |TAMS 0x0000000081c00000, 0x0000000081c00000| Untracked 
|  16|0x0000000081c00000, 0x0000000081d00000, 0x0000000081d00000|100%| O|  |TAMS 0x0000000081d00000, 0x0000000081d00000| Untracked 
|  17|0x0000000081d00000, 0x0000000081d95600, 0x0000000081e00000| 58%| O|  |TAMS 0x0000000081d95600, 0x0000000081d95600| Untracked 
|  18|0x0000000081e00000, 0x0000000081f00000, 0x0000000081f00000|100%| O|  |TAMS 0x0000000081f00000, 0x0000000081f00000| Untracked 
|  19|0x0000000081f00000, 0x0000000082000000, 0x0000000082000000|100%| O|  |TAMS 0x0000000082000000, 0x0000000082000000| Untracked 
|  20|0x0000000082000000, 0x0000000082100000, 0x0000000082100000|100%| O|  |TAMS 0x0000000082100000, 0x0000000082100000| Untracked 
|  21|0x0000000082100000, 0x0000000082200000, 0x0000000082200000|100%| O|  |TAMS 0x0000000082200000, 0x0000000082200000| Untracked 
|  22|0x0000000082200000, 0x0000000082300000, 0x0000000082300000|100%| O|  |TAMS 0x0000000082300000, 0x0000000082300000| Untracked 
|  23|0x0000000082300000, 0x0000000082400000, 0x0000000082400000|100%| O|  |TAMS 0x0000000082400000, 0x0000000082400000| Untracked 
|  24|0x0000000082400000, 0x0000000082500000, 0x0000000082500000|100%| O|  |TAMS 0x0000000082500000, 0x0000000082500000| Untracked 
|  25|0x0000000082500000, 0x0000000082600000, 0x0000000082600000|100%| O|  |TAMS 0x0000000082600000, 0x0000000082600000| Untracked 
|  26|0x0000000082600000, 0x0000000082700000, 0x0000000082700000|100%| O|  |TAMS 0x0000000082700000, 0x0000000082700000| Untracked 
|  27|0x0000000082700000, 0x0000000082800000, 0x0000000082800000|100%| O|  |TAMS 0x0000000082800000, 0x0000000082800000| Untracked 
|  28|0x0000000082800000, 0x0000000082900000, 0x0000000082900000|100%| O|  |TAMS 0x0000000082900000, 0x0000000082900000| Untracked 
|  29|0x0000000082900000, 0x0000000082a00000, 0x0000000082a00000|100%| O|  |TAMS 0x0000000082a00000, 0x0000000082a00000| Untracked 
|  30|0x0000000082a00000, 0x0000000082b00000, 0x0000000082b00000|100%| O|  |TAMS 0x0000000082b00000, 0x0000000082b00000| Untracked 
|  31|0x0000000082b00000, 0x0000000082c00000, 0x0000000082c00000|100%| O|  |TAMS 0x0000000082b00000, 0x0000000082c00000| Untracked 
|  32|0x0000000082c00000, 0x0000000082d00000, 0x0000000082d00000|100%| O|  |TAMS 0x0000000082c00000, 0x0000000082d00000| Untracked 
|  33|0x0000000082d00000, 0x0000000082e00000, 0x0000000082e00000|100%| O|  |TAMS 0x0000000082d00000, 0x0000000082e00000| Untracked 
|  34|0x0000000082e00000, 0x0000000082f00000, 0x0000000082f00000|100%| O|  |TAMS 0x0000000082e00000, 0x0000000082f00000| Untracked 
|  35|0x0000000082f00000, 0x0000000083000000, 0x0000000083000000|100%| O|  |TAMS 0x0000000082f00000, 0x0000000083000000| Untracked 
|  36|0x0000000083000000, 0x0000000083100000, 0x0000000083100000|100%| O|  |TAMS 0x0000000083000000, 0x0000000083100000| Untracked 
|  37|0x0000000083100000, 0x0000000083200000, 0x0000000083200000|100%| O|  |TAMS 0x0000000083100000, 0x0000000083100000| Untracked 
|  38|0x0000000083200000, 0x0000000083300000, 0x0000000083300000|100%| O|  |TAMS 0x0000000083200000, 0x00000000832d3000| Untracked 
|  39|0x0000000083300000, 0x0000000083400000, 0x0000000083400000|100%| O|  |TAMS 0x0000000083300000, 0x0000000083300000| Untracked 
|  40|0x0000000083400000, 0x0000000083500000, 0x0000000083500000|100%| O|  |TAMS 0x0000000083400000, 0x0000000083400000| Untracked 
|  41|0x0000000083500000, 0x0000000083600000, 0x0000000083600000|100%| O|  |TAMS 0x0000000083500000, 0x0000000083500000| Untracked 
|  42|0x0000000083600000, 0x0000000083600000, 0x0000000083700000|  0%| F|  |TAMS 0x0000000083600000, 0x0000000083600000| Untracked 
|  43|0x0000000083700000, 0x0000000083700000, 0x0000000083800000|  0%| F|  |TAMS 0x0000000083700000, 0x0000000083700000| Untracked 
|  44|0x0000000083800000, 0x0000000083900000, 0x0000000083900000|100%| O|  |TAMS 0x0000000083800000, 0x0000000083800000| Untracked 
|  45|0x0000000083900000, 0x0000000083a00000, 0x0000000083a00000|100%| O|  |TAMS 0x0000000083900000, 0x0000000083900000| Untracked 
|  46|0x0000000083a00000, 0x0000000083a7de00, 0x0000000083b00000| 49%| O|  |TAMS 0x0000000083a00000, 0x0000000083a00000| Untracked 
|  47|0x0000000083b00000, 0x0000000083b00000, 0x0000000083c00000|  0%| F|  |TAMS 0x0000000083b00000, 0x0000000083b00000| Untracked 
|  48|0x0000000083c00000, 0x0000000083c00000, 0x0000000083d00000|  0%| F|  |TAMS 0x0000000083c00000, 0x0000000083c00000| Untracked 
|  49|0x0000000083d00000, 0x0000000083d00000, 0x0000000083e00000|  0%| F|  |TAMS 0x0000000083d00000, 0x0000000083d00000| Untracked 
|  50|0x0000000083e00000, 0x0000000083e00000, 0x0000000083f00000|  0%| F|  |TAMS 0x0000000083e00000, 0x0000000083e00000| Untracked 
|  51|0x0000000083f00000, 0x0000000083f00000, 0x0000000084000000|  0%| F|  |TAMS 0x0000000083f00000, 0x0000000083f00000| Untracked 
|  52|0x0000000084000000, 0x0000000084000000, 0x0000000084100000|  0%| F|  |TAMS 0x0000000084000000, 0x0000000084000000| Untracked 
|  53|0x0000000084100000, 0x0000000084100000, 0x0000000084200000|  0%| F|  |TAMS 0x0000000084100000, 0x0000000084100000| Untracked 
|  54|0x0000000084200000, 0x0000000084200000, 0x0000000084300000|  0%| F|  |TAMS 0x0000000084200000, 0x0000000084200000| Untracked 
|  55|0x0000000084300000, 0x0000000084300000, 0x0000000084400000|  0%| F|  |TAMS 0x0000000084300000, 0x0000000084300000| Untracked 
|  56|0x0000000084400000, 0x0000000084400000, 0x0000000084500000|  0%| F|  |TAMS 0x0000000084400000, 0x0000000084400000| Untracked 
|  57|0x0000000084500000, 0x0000000084500000, 0x0000000084600000|  0%| F|  |TAMS 0x0000000084500000, 0x0000000084500000| Untracked 
|  58|0x0000000084600000, 0x0000000084600000, 0x0000000084700000|  0%| F|  |TAMS 0x0000000084600000, 0x0000000084600000| Untracked 
|  59|0x0000000084700000, 0x0000000084700000, 0x0000000084800000|  0%| F|  |TAMS 0x0000000084700000, 0x0000000084700000| Untracked 
|  60|0x0000000084800000, 0x0000000084800000, 0x0000000084900000|  0%| F|  |TAMS 0x0000000084800000, 0x0000000084800000| Untracked 
|  61|0x0000000084900000, 0x0000000084900000, 0x0000000084a00000|  0%| F|  |TAMS 0x0000000084900000, 0x0000000084900000| Untracked 
|  62|0x0000000084a00000, 0x0000000084a00000, 0x0000000084b00000|  0%| F|  |TAMS 0x0000000084a00000, 0x0000000084a00000| Untracked 
|  63|0x0000000084b00000, 0x0000000084b00000, 0x0000000084c00000|  0%| F|  |TAMS 0x0000000084b00000, 0x0000000084b00000| Untracked 
|  64|0x0000000084c00000, 0x0000000084c00000, 0x0000000084d00000|  0%| F|  |TAMS 0x0000000084c00000, 0x0000000084c00000| Untracked 
|  65|0x0000000084d00000, 0x0000000084d00000, 0x0000000084e00000|  0%| F|  |TAMS 0x0000000084d00000, 0x0000000084d00000| Untracked 
|  66|0x0000000084e00000, 0x0000000084e00000, 0x0000000084f00000|  0%| F|  |TAMS 0x0000000084e00000, 0x0000000084e00000| Untracked 
|  67|0x0000000084f00000, 0x0000000084f00000, 0x0000000085000000|  0%| F|  |TAMS 0x0000000084f00000, 0x0000000084f00000| Untracked 
|  68|0x0000000085000000, 0x0000000085000000, 0x0000000085100000|  0%| F|  |TAMS 0x0000000085000000, 0x0000000085000000| Untracked 
|  69|0x0000000085100000, 0x0000000085100000, 0x0000000085200000|  0%| F|  |TAMS 0x0000000085100000, 0x0000000085100000| Untracked 
|  70|0x0000000085200000, 0x0000000085200000, 0x0000000085300000|  0%| F|  |TAMS 0x0000000085200000, 0x0000000085200000| Untracked 
|  71|0x0000000085300000, 0x0000000085300000, 0x0000000085400000|  0%| F|  |TAMS 0x0000000085300000, 0x0000000085300000| Untracked 
|  72|0x0000000085400000, 0x0000000085400000, 0x0000000085500000|  0%| F|  |TAMS 0x0000000085400000, 0x0000000085400000| Untracked 
|  73|0x0000000085500000, 0x0000000085500000, 0x0000000085600000|  0%| F|  |TAMS 0x0000000085500000, 0x0000000085500000| Untracked 
|  74|0x0000000085600000, 0x0000000085600000, 0x0000000085700000|  0%| F|  |TAMS 0x0000000085600000, 0x0000000085600000| Untracked 
|  75|0x0000000085700000, 0x0000000085700000, 0x0000000085800000|  0%| F|  |TAMS 0x0000000085700000, 0x0000000085700000| Untracked 
|  76|0x0000000085800000, 0x0000000085800000, 0x0000000085900000|  0%| F|  |TAMS 0x0000000085800000, 0x0000000085800000| Untracked 
|  77|0x0000000085900000, 0x0000000085900000, 0x0000000085a00000|  0%| F|  |TAMS 0x0000000085900000, 0x0000000085900000| Untracked 
|  78|0x0000000085a00000, 0x0000000085a00000, 0x0000000085b00000|  0%| F|  |TAMS 0x0000000085a00000, 0x0000000085a00000| Untracked 
|  79|0x0000000085b00000, 0x0000000085b00000, 0x0000000085c00000|  0%| F|  |TAMS 0x0000000085b00000, 0x0000000085b00000| Untracked 
|  80|0x0000000085c00000, 0x0000000085c00000, 0x0000000085d00000|  0%| F|  |TAMS 0x0000000085c00000, 0x0000000085c00000| Untracked 
|  81|0x0000000085d00000, 0x0000000085d00000, 0x0000000085e00000|  0%| F|  |TAMS 0x0000000085d00000, 0x0000000085d00000| Untracked 
|  82|0x0000000085e00000, 0x0000000085e00000, 0x0000000085f00000|  0%| F|  |TAMS 0x0000000085e00000, 0x0000000085e00000| Untracked 
|  83|0x0000000085f00000, 0x0000000086000000, 0x0000000086000000|100%| S|CS|TAMS 0x0000000085f00000, 0x0000000085f00000| Complete 
|  84|0x0000000086000000, 0x0000000086100000, 0x0000000086100000|100%| S|CS|TAMS 0x0000000086000000, 0x0000000086000000| Complete 
|  85|0x0000000086100000, 0x0000000086200000, 0x0000000086200000|100%| S|CS|TAMS 0x0000000086100000, 0x0000000086100000| Complete 
|  86|0x0000000086200000, 0x0000000086300000, 0x0000000086300000|100%| S|CS|TAMS 0x0000000086200000, 0x0000000086200000| Complete 
|  87|0x0000000086300000, 0x0000000086400000, 0x0000000086400000|100%| S|CS|TAMS 0x0000000086300000, 0x0000000086300000| Complete 
|  88|0x0000000086400000, 0x0000000086500000, 0x0000000086500000|100%| S|CS|TAMS 0x0000000086400000, 0x0000000086400000| Complete 
|  89|0x0000000086500000, 0x0000000086600000, 0x0000000086600000|100%| S|CS|TAMS 0x0000000086500000, 0x0000000086500000| Complete 
|  90|0x0000000086600000, 0x0000000086700000, 0x0000000086700000|100%| S|CS|TAMS 0x0000000086600000, 0x0000000086600000| Complete 
|  91|0x0000000086700000, 0x0000000086700000, 0x0000000086800000|  0%| F|  |TAMS 0x0000000086700000, 0x0000000086700000| Untracked 
|  92|0x0000000086800000, 0x0000000086800000, 0x0000000086900000|  0%| F|  |TAMS 0x0000000086800000, 0x0000000086800000| Untracked 
|  93|0x0000000086900000, 0x0000000086900000, 0x0000000086a00000|  0%| F|  |TAMS 0x0000000086900000, 0x0000000086900000| Untracked 
|  94|0x0000000086a00000, 0x0000000086a00000, 0x0000000086b00000|  0%| F|  |TAMS 0x0000000086a00000, 0x0000000086a00000| Untracked 
|  95|0x0000000086b00000, 0x0000000086b00000, 0x0000000086c00000|  0%| F|  |TAMS 0x0000000086b00000, 0x0000000086b00000| Untracked 
|  96|0x0000000086c00000, 0x0000000086c00000, 0x0000000086d00000|  0%| F|  |TAMS 0x0000000086c00000, 0x0000000086c00000| Untracked 
|  97|0x0000000086d00000, 0x0000000086d00000, 0x0000000086e00000|  0%| F|  |TAMS 0x0000000086d00000, 0x0000000086d00000| Untracked 
|  98|0x0000000086e00000, 0x0000000086e00000, 0x0000000086f00000|  0%| F|  |TAMS 0x0000000086e00000, 0x0000000086e00000| Untracked 
|  99|0x0000000086f00000, 0x0000000086f00000, 0x0000000087000000|  0%| F|  |TAMS 0x0000000086f00000, 0x0000000086f00000| Untracked 
| 100|0x0000000087000000, 0x0000000087000000, 0x0000000087100000|  0%| F|  |TAMS 0x0000000087000000, 0x0000000087000000| Untracked 
| 101|0x0000000087100000, 0x0000000087100000, 0x0000000087200000|  0%| F|  |TAMS 0x0000000087100000, 0x0000000087100000| Untracked 
| 102|0x0000000087200000, 0x0000000087200000, 0x0000000087300000|  0%| F|  |TAMS 0x0000000087200000, 0x0000000087200000| Untracked 
| 103|0x0000000087300000, 0x0000000087300000, 0x0000000087400000|  0%| F|  |TAMS 0x0000000087300000, 0x0000000087300000| Untracked 
| 104|0x0000000087400000, 0x0000000087400000, 0x0000000087500000|  0%| F|  |TAMS 0x0000000087400000, 0x0000000087400000| Untracked 
| 105|0x0000000087500000, 0x0000000087500000, 0x0000000087600000|  0%| F|  |TAMS 0x0000000087500000, 0x0000000087500000| Untracked 
| 106|0x0000000087600000, 0x0000000087600000, 0x0000000087700000|  0%| F|  |TAMS 0x0000000087600000, 0x0000000087600000| Untracked 
| 107|0x0000000087700000, 0x0000000087700000, 0x0000000087800000|  0%| F|  |TAMS 0x0000000087700000, 0x0000000087700000| Untracked 
| 108|0x0000000087800000, 0x0000000087900000, 0x0000000087900000|100%| E|  |TAMS 0x0000000087800000, 0x0000000087800000| Complete 
| 109|0x0000000087900000, 0x0000000087a00000, 0x0000000087a00000|100%| E|CS|TAMS 0x0000000087900000, 0x0000000087900000| Complete 
| 110|0x0000000087a00000, 0x0000000087b00000, 0x0000000087b00000|100%| E|CS|TAMS 0x0000000087a00000, 0x0000000087a00000| Complete 
| 111|0x0000000087b00000, 0x0000000087c00000, 0x0000000087c00000|100%| E|  |TAMS 0x0000000087b00000, 0x0000000087b00000| Complete 
| 112|0x0000000087c00000, 0x0000000087d00000, 0x0000000087d00000|100%| E|CS|TAMS 0x0000000087c00000, 0x0000000087c00000| Complete 
| 113|0x0000000087d00000, 0x0000000087e00000, 0x0000000087e00000|100%| E|CS|TAMS 0x0000000087d00000, 0x0000000087d00000| Complete 
| 114|0x0000000087e00000, 0x0000000087f00000, 0x0000000087f00000|100%| E|CS|TAMS 0x0000000087e00000, 0x0000000087e00000| Complete 
| 115|0x0000000087f00000, 0x0000000088000000, 0x0000000088000000|100%| E|CS|TAMS 0x0000000087f00000, 0x0000000087f00000| Complete 
| 116|0x0000000088000000, 0x0000000088100000, 0x0000000088100000|100%| E|CS|TAMS 0x0000000088000000, 0x0000000088000000| Complete 
| 117|0x0000000088100000, 0x0000000088200000, 0x0000000088200000|100%| E|CS|TAMS 0x0000000088100000, 0x0000000088100000| Complete 
| 118|0x0000000088200000, 0x0000000088300000, 0x0000000088300000|100%| E|CS|TAMS 0x0000000088200000, 0x0000000088200000| Complete 
| 119|0x0000000088300000, 0x0000000088400000, 0x0000000088400000|100%| E|CS|TAMS 0x0000000088300000, 0x0000000088300000| Complete 
| 120|0x0000000088400000, 0x0000000088500000, 0x0000000088500000|100%| E|CS|TAMS 0x0000000088400000, 0x0000000088400000| Complete 
| 121|0x0000000088500000, 0x0000000088600000, 0x0000000088600000|100%| E|CS|TAMS 0x0000000088500000, 0x0000000088500000| Complete 
| 122|0x0000000088600000, 0x0000000088700000, 0x0000000088700000|100%| E|CS|TAMS 0x0000000088600000, 0x0000000088600000| Complete 
| 123|0x0000000088700000, 0x0000000088800000, 0x0000000088800000|100%| E|CS|TAMS 0x0000000088700000, 0x0000000088700000| Complete 
| 124|0x0000000088800000, 0x0000000088900000, 0x0000000088900000|100%| E|CS|TAMS 0x0000000088800000, 0x0000000088800000| Complete 
| 125|0x0000000088900000, 0x0000000088a00000, 0x0000000088a00000|100%| E|CS|TAMS 0x0000000088900000, 0x0000000088900000| Complete 
| 126|0x0000000088a00000, 0x0000000088b00000, 0x0000000088b00000|100%| E|CS|TAMS 0x0000000088a00000, 0x0000000088a00000| Complete 
| 127|0x0000000088b00000, 0x0000000088c00000, 0x0000000088c00000|100%| E|CS|TAMS 0x0000000088b00000, 0x0000000088b00000| Complete 
| 128|0x0000000088c00000, 0x0000000088d00000, 0x0000000088d00000|100%| E|CS|TAMS 0x0000000088c00000, 0x0000000088c00000| Complete 
| 129|0x0000000088d00000, 0x0000000088e00000, 0x0000000088e00000|100%| E|CS|TAMS 0x0000000088d00000, 0x0000000088d00000| Complete 
| 130|0x0000000088e00000, 0x0000000088f00000, 0x0000000088f00000|100%| E|CS|TAMS 0x0000000088e00000, 0x0000000088e00000| Complete 
| 131|0x0000000088f00000, 0x0000000089000000, 0x0000000089000000|100%| E|CS|TAMS 0x0000000088f00000, 0x0000000088f00000| Complete 
| 132|0x0000000089000000, 0x0000000089100000, 0x0000000089100000|100%| E|CS|TAMS 0x0000000089000000, 0x0000000089000000| Complete 
| 133|0x0000000089100000, 0x0000000089200000, 0x0000000089200000|100%| E|CS|TAMS 0x0000000089100000, 0x0000000089100000| Complete 
| 134|0x0000000089200000, 0x0000000089300000, 0x0000000089300000|100%| E|CS|TAMS 0x0000000089200000, 0x0000000089200000| Complete 
| 135|0x0000000089300000, 0x0000000089400000, 0x0000000089400000|100%| E|CS|TAMS 0x0000000089300000, 0x0000000089300000| Complete 
| 136|0x0000000089400000, 0x0000000089500000, 0x0000000089500000|100%| E|CS|TAMS 0x0000000089400000, 0x0000000089400000| Complete 
| 137|0x0000000089500000, 0x0000000089600000, 0x0000000089600000|100%| E|CS|TAMS 0x0000000089500000, 0x0000000089500000| Complete 
| 138|0x0000000089600000, 0x0000000089700000, 0x0000000089700000|100%| E|CS|TAMS 0x0000000089600000, 0x0000000089600000| Complete 
| 139|0x0000000089700000, 0x0000000089800000, 0x0000000089800000|100%| E|CS|TAMS 0x0000000089700000, 0x0000000089700000| Complete 
| 140|0x0000000089800000, 0x0000000089900000, 0x0000000089900000|100%| E|CS|TAMS 0x0000000089800000, 0x0000000089800000| Complete 
| 141|0x0000000089900000, 0x0000000089a00000, 0x0000000089a00000|100%| E|CS|TAMS 0x0000000089900000, 0x0000000089900000| Complete 
| 142|0x0000000089a00000, 0x0000000089b00000, 0x0000000089b00000|100%| E|CS|TAMS 0x0000000089a00000, 0x0000000089a00000| Complete 
| 143|0x0000000089b00000, 0x0000000089c00000, 0x0000000089c00000|100%| E|CS|TAMS 0x0000000089b00000, 0x0000000089b00000| Complete 
| 144|0x0000000089c00000, 0x0000000089d00000, 0x0000000089d00000|100%| E|CS|TAMS 0x0000000089c00000, 0x0000000089c00000| Complete 
| 145|0x0000000089d00000, 0x0000000089e00000, 0x0000000089e00000|100%| E|CS|TAMS 0x0000000089d00000, 0x0000000089d00000| Complete 

Card table byte_map: [0x000001c761880000,0x000001c761c80000] _byte_map_base: 0x000001c76147a000

Marking Bits (Prev, Next): (CMBitMap*) 0x000001c74b036a20, (CMBitMap*) 0x000001c74b036a60
 Prev Bits: [0x000001c762080000, 0x000001c764050000)
 Next Bits: [0x000001c764050000, 0x000001c766020000)

Polling page: 0x000001c748f40000

Metaspace:

Usage:
  Non-class:     57.05 MB used.
      Class:      8.79 MB used.
       Both:     65.84 MB used.

Virtual space:
  Non-class space:       64.00 MB reserved,      57.31 MB ( 90%) committed,  1 nodes.
      Class space:        1.00 GB reserved,       9.06 MB ( <1%) committed,  1 nodes.
             Both:        1.06 GB reserved,      66.38 MB (  6%) committed. 

Chunk freelists:
   Non-Class:  6.11 MB
       Class:  6.92 MB
        Both:  13.03 MB

MaxMetaspaceSize: unlimited
CompressedClassSpaceSize: 1.00 GB
Initial GC threshold: 21.00 MB
Current GC threshold: 101.69 MB
CDS: on
MetaspaceReclaimPolicy: balanced
 - commit_granule_bytes: 65536.
 - commit_granule_words: 8192.
 - virtual_space_node_default_size: 8388608.
 - enlarge_chunks_in_place: 1.
 - new_chunks_are_fully_committed: 0.
 - uncommit_free_chunks: 1.
 - use_allocation_guard: 0.
 - handle_deallocations: 1.


Internal statistics:

num_allocs_failed_limit: 9.
num_arena_births: 756.
num_arena_deaths: 0.
num_vsnodes_births: 2.
num_vsnodes_deaths: 0.
num_space_committed: 1062.
num_space_uncommitted: 0.
num_chunks_returned_to_freelist: 9.
num_chunks_taken_from_freelist: 3101.
num_chunk_merges: 3.
num_chunk_splits: 2244.
num_chunks_enlarged: 1768.
num_purges: 0.
num_inconsistent_stats: 0.

CodeHeap 'non-profiled nmethods': size=120064Kb used=3081Kb max_used=3081Kb free=116982Kb
 bounds [0x000001c75a340000, 0x000001c75a650000, 0x000001c761880000]
CodeHeap 'profiled nmethods': size=120000Kb used=11153Kb max_used=11153Kb free=108846Kb
 bounds [0x000001c752880000, 0x000001c753370000, 0x000001c759db0000]
CodeHeap 'non-nmethods': size=5696Kb used=1348Kb max_used=1386Kb free=4347Kb
 bounds [0x000001c759db0000, 0x000001c75a020000, 0x000001c75a340000]
 total_blobs=6137 nmethods=5456 adapters=593
 compilation: enabled
              stopped_count=0, restarted_count=0
 full_count=0

Compilation events (20 events):
Event: 28.173 Thread 0x000001c7683a9880 nmethod 6276 0x000001c75a640490 code [0x000001c75a6406a0, 0x000001c75a641340]
Event: 28.202 Thread 0x000001c7683ae670 6279       3       com.sun.crypto.provider.CounterMode::crypt (32 bytes)
Event: 28.202 Thread 0x000001c7683ae670 nmethod 6279 0x000001c753362f90 code [0x000001c753363180, 0x000001c753363688]
Event: 28.236 Thread 0x000001c7683a9880 6280       4       java.lang.invoke.MethodHandles$Lookup::<init> (84 bytes)
Event: 28.237 Thread 0x000001c7683ae670 6281       1       org.hibernate.type.AbstractStandardBasicType::getJavaTypeDescriptor (5 bytes)
Event: 28.238 Thread 0x000001c7683ae670 nmethod 6281 0x000001c75a641a90 code [0x000001c75a641c20, 0x000001c75a641cf8]
Event: 28.238 Thread 0x000001c7683a9880 nmethod 6280 0x000001c75a641d90 code [0x000001c75a641f00, 0x000001c75a642138]
Event: 28.240 Thread 0x000001c7683a9880 6282       4       java.net.URLStreamHandler::toExternalForm (156 bytes)
Event: 28.251 Thread 0x000001c7683ae670 6283       3       com.mysql.cj.result.StringValueFactory::<init> (15 bytes)
Event: 28.251 Thread 0x000001c7683ae670 nmethod 6283 0x000001c753363910 code [0x000001c753363aa0, 0x000001c753363c98]
Event: 28.252 Thread 0x000001c7683ae670 6284       3       java.util.Calendar::internalGet (7 bytes)
Event: 28.252 Thread 0x000001c7683ae670 nmethod 6284 0x000001c753363d90 code [0x000001c753363f20, 0x000001c753364058]
Event: 28.252 Thread 0x000001c7683ae670 6285       3       java.util.Calendar::isExternallySet (16 bytes)
Event: 28.252 Thread 0x000001c7683ae670 nmethod 6285 0x000001c753364110 code [0x000001c7533642a0, 0x000001c753364438]
Event: 28.261 Thread 0x000001c7683ae670 6287       3       com.sun.crypto.provider.GaloisCounterMode$GCMEngine::<init> (132 bytes)
Event: 28.262 Thread 0x000001c7683ae670 nmethod 6287 0x000001c753364510 code [0x000001c753364740, 0x000001c7533650e8]
Event: 28.265 Thread 0x000001c7683ae670 6289       3       sun.security.ssl.SSLSocketInputRecord::readHeader (43 bytes)
Event: 28.266 Thread 0x000001c7683ae670 nmethod 6289 0x000001c753365390 code [0x000001c753365540, 0x000001c753365748]
Event: 28.266 Thread 0x000001c7683ae670 6290       3       sun.security.ssl.Authenticator::increaseSequenceNumber (29 bytes)
Event: 28.266 Thread 0x000001c7683ae670 nmethod 6290 0x000001c753365810 code [0x000001c7533659c0, 0x000001c753365bf8]

GC Heap History (20 events):
Event: 6.194 GC heap before
{Heap before GC invocations=10 (full 0):
 garbage-first heap   total 51200K, used 20979K [0x0000000080c00000, 0x0000000100000000)
  region size 1024K, 4 young (4096K), 1 survivors (1024K)
 Metaspace       used 35539K, committed 35968K, reserved 1114112K
  class space    used 4632K, committed 4864K, reserved 1048576K
}
Event: 6.198 GC heap after
{Heap after GC invocations=11 (full 0):
 garbage-first heap   total 88064K, used 19454K [0x0000000080c00000, 0x0000000100000000)
  region size 1024K, 2 young (2048K), 2 survivors (2048K)
 Metaspace       used 35539K, committed 35968K, reserved 1114112K
  class space    used 4632K, committed 4864K, reserved 1048576K
}
Event: 7.923 GC heap before
{Heap before GC invocations=12 (full 0):
 garbage-first heap   total 68608K, used 58366K [0x0000000080c00000, 0x0000000100000000)
  region size 1024K, 42 young (43008K), 2 survivors (2048K)
 Metaspace       used 50384K, committed 50816K, reserved 1114112K
  class space    used 6606K, committed 6784K, reserved 1048576K
}
Event: 7.937 GC heap after
{Heap after GC invocations=13 (full 0):
 garbage-first heap   total 68608K, used 22553K [0x0000000080c00000, 0x0000000100000000)
  region size 1024K, 5 young (5120K), 5 survivors (5120K)
 Metaspace       used 50384K, committed 50816K, reserved 1114112K
  class space    used 6606K, committed 6784K, reserved 1048576K
}
Event: 8.800 GC heap before
{Heap before GC invocations=13 (full 0):
 garbage-first heap   total 68608K, used 52249K [0x0000000080c00000, 0x0000000100000000)
  region size 1024K, 34 young (34816K), 5 survivors (5120K)
 Metaspace       used 57314K, committed 57792K, reserved 1114112K
  class space    used 7636K, committed 7872K, reserved 1048576K
}
Event: 8.812 GC heap after
{Heap after GC invocations=14 (full 0):
 garbage-first heap   total 68608K, used 24858K [0x0000000080c00000, 0x0000000100000000)
  region size 1024K, 3 young (3072K), 3 survivors (3072K)
 Metaspace       used 57314K, committed 57792K, reserved 1114112K
  class space    used 7636K, committed 7872K, reserved 1048576K
}
Event: 9.429 GC heap before
{Heap before GC invocations=14 (full 0):
 garbage-first heap   total 68608K, used 49434K [0x0000000080c00000, 0x0000000100000000)
  region size 1024K, 28 young (28672K), 3 survivors (3072K)
 Metaspace       used 59609K, committed 60096K, reserved 1114112K
  class space    used 7967K, committed 8192K, reserved 1048576K
}
Event: 9.437 GC heap after
{Heap after GC invocations=15 (full 0):
 garbage-first heap   total 68608K, used 25979K [0x0000000080c00000, 0x0000000100000000)
  region size 1024K, 4 young (4096K), 4 survivors (4096K)
 Metaspace       used 59609K, committed 60096K, reserved 1114112K
  class space    used 7967K, committed 8192K, reserved 1048576K
}
Event: 10.244 GC heap before
{Heap before GC invocations=16 (full 0):
 garbage-first heap   total 68608K, used 54651K [0x0000000080c00000, 0x0000000100000000)
  region size 1024K, 31 young (31744K), 4 survivors (4096K)
 Metaspace       used 61747K, committed 62272K, reserved 1114112K
  class space    used 8265K, committed 8512K, reserved 1048576K
}
Event: 10.257 GC heap after
{Heap after GC invocations=17 (full 0):
 garbage-first heap   total 68608K, used 30131K [0x0000000080c00000, 0x0000000100000000)
  region size 1024K, 4 young (4096K), 4 survivors (4096K)
 Metaspace       used 61747K, committed 62272K, reserved 1114112K
  class space    used 8265K, committed 8512K, reserved 1048576K
}
Event: 10.524 GC heap before
{Heap before GC invocations=17 (full 0):
 garbage-first heap   total 68608K, used 52659K [0x0000000080c00000, 0x0000000100000000)
  region size 1024K, 27 young (27648K), 4 survivors (4096K)
 Metaspace       used 61870K, committed 62400K, reserved 1114112K
  class space    used 8273K, committed 8512K, reserved 1048576K
}
Event: 10.539 GC heap after
{Heap after GC invocations=18 (full 0):
 garbage-first heap   total 68608K, used 36437K [0x0000000080c00000, 0x0000000100000000)
  region size 1024K, 4 young (4096K), 4 survivors (4096K)
 Metaspace       used 61870K, committed 62400K, reserved 1114112K
  class space    used 8273K, committed 8512K, reserved 1048576K
}
Event: 10.618 GC heap before
{Heap before GC invocations=18 (full 0):
 garbage-first heap   total 68608K, used 38485K [0x0000000080c00000, 0x0000000100000000)
  region size 1024K, 7 young (7168K), 4 survivors (4096K)
 Metaspace       used 61911K, committed 62400K, reserved 1114112K
  class space    used 8278K, committed 8512K, reserved 1048576K
}
Event: 10.624 GC heap after
{Heap after GC invocations=19 (full 0):
 garbage-first heap   total 68608K, used 37742K [0x0000000080c00000, 0x0000000100000000)
  region size 1024K, 1 young (1024K), 1 survivors (1024K)
 Metaspace       used 61911K, committed 62400K, reserved 1114112K
  class space    used 8278K, committed 8512K, reserved 1048576K
}
Event: 10.870 GC heap before
{Heap before GC invocations=20 (full 0):
 garbage-first heap   total 87040K, used 52078K [0x0000000080c00000, 0x0000000100000000)
  region size 1024K, 16 young (16384K), 1 survivors (1024K)
 Metaspace       used 61945K, committed 62464K, reserved 1114112K
  class space    used 8278K, committed 8512K, reserved 1048576K
}
Event: 10.877 GC heap after
{Heap after GC invocations=21 (full 0):
 garbage-first heap   total 87040K, used 40353K [0x0000000080c00000, 0x0000000100000000)
  region size 1024K, 2 young (2048K), 2 survivors (2048K)
 Metaspace       used 61945K, committed 62464K, reserved 1114112K
  class space    used 8278K, committed 8512K, reserved 1048576K
}
Event: 11.142 GC heap before
{Heap before GC invocations=21 (full 0):
 garbage-first heap   total 87040K, used 58785K [0x0000000080c00000, 0x0000000100000000)
  region size 1024K, 22 young (22528K), 2 survivors (2048K)
 Metaspace       used 61986K, committed 62528K, reserved 1114112K
  class space    used 8278K, committed 8512K, reserved 1048576K
}
Event: 11.152 GC heap after
{Heap after GC invocations=22 (full 0):
 garbage-first heap   total 149504K, used 46123K [0x0000000080c00000, 0x0000000100000000)
  region size 1024K, 4 young (4096K), 4 survivors (4096K)
 Metaspace       used 61986K, committed 62528K, reserved 1114112K
  class space    used 8278K, committed 8512K, reserved 1048576K
}
Event: 11.684 GC heap before
{Heap before GC invocations=22 (full 0):
 garbage-first heap   total 149504K, used 104491K [0x0000000080c00000, 0x0000000100000000)
  region size 1024K, 59 young (60416K), 4 survivors (4096K)
 Metaspace       used 62121K, committed 62592K, reserved 1114112K
  class space    used 8285K, committed 8512K, reserved 1048576K
}
Event: 11.698 GC heap after
{Heap after GC invocations=23 (full 0):
 garbage-first heap   total 149504K, used 53325K [0x0000000080c00000, 0x0000000100000000)
  region size 1024K, 8 young (8192K), 8 survivors (8192K)
 Metaspace       used 62121K, committed 62592K, reserved 1114112K
  class space    used 8285K, committed 8512K, reserved 1048576K
}

Deoptimization events (20 events):
Event: 27.731 Thread 0x000001c76e7eb5b0 Uncommon trap: trap_request=0xffffff45 fr.pc=0x000001c75a61c400 relative=0x0000000000003780
Event: 27.731 Thread 0x000001c76e7eb5b0 Uncommon trap: reason=unstable_if action=reinterpret pc=0x000001c75a61c400 method=org.springframework.beans.factory.support.AbstractBeanFactory.isTypeMatch(Ljava/lang/String;Lorg/springframework/core/ResolvableType;Z)Z @ 35 c2
Event: 27.731 Thread 0x000001c76e7eb5b0 DEOPT PACKING pc=0x000001c75a61c400 sp=0x00000001e9dfe140
Event: 27.731 Thread 0x000001c76e7eb5b0 DEOPT UNPACKING pc=0x000001c759e023a3 sp=0x00000001e9dfe110 mode 2
Event: 27.783 Thread 0x000001c76e7eb5b0 Uncommon trap: trap_request=0xffffff45 fr.pc=0x000001c75a428954 relative=0x00000000000001b4
Event: 27.783 Thread 0x000001c76e7eb5b0 Uncommon trap: reason=unstable_if action=reinterpret pc=0x000001c75a428954 method=java.util.regex.Matcher.reset()Ljava/util/regex/Matcher; @ 47 c2
Event: 27.783 Thread 0x000001c76e7eb5b0 DEOPT PACKING pc=0x000001c75a428954 sp=0x00000001e9dfd430
Event: 27.783 Thread 0x000001c76e7eb5b0 DEOPT UNPACKING pc=0x000001c759e023a3 sp=0x00000001e9dfd3b8 mode 2
Event: 27.783 Thread 0x000001c76e7eb5b0 Uncommon trap: trap_request=0xffffffde fr.pc=0x000001c75a3c4c54 relative=0x0000000000000474
Event: 27.783 Thread 0x000001c76e7eb5b0 Uncommon trap: reason=class_check action=maybe_recompile pc=0x000001c75a3c4c54 method=java.util.regex.Matcher.search(I)Z @ 121 c2
Event: 27.783 Thread 0x000001c76e7eb5b0 DEOPT PACKING pc=0x000001c75a3c4c54 sp=0x00000001e9dfd470
Event: 27.784 Thread 0x000001c76e7eb5b0 DEOPT UNPACKING pc=0x000001c759e023a3 sp=0x00000001e9dfd420 mode 2
Event: 27.784 Thread 0x000001c76e7eb5b0 Uncommon trap: trap_request=0xffffffde fr.pc=0x000001c75a3c4c54 relative=0x0000000000000474
Event: 27.784 Thread 0x000001c76e7eb5b0 Uncommon trap: reason=class_check action=maybe_recompile pc=0x000001c75a3c4c54 method=java.util.regex.Matcher.search(I)Z @ 121 c2
Event: 27.784 Thread 0x000001c76e7eb5b0 DEOPT PACKING pc=0x000001c75a3c4c54 sp=0x00000001e9dfd470
Event: 27.784 Thread 0x000001c76e7eb5b0 DEOPT UNPACKING pc=0x000001c759e023a3 sp=0x00000001e9dfd420 mode 2
Event: 27.878 Thread 0x000001c76e7eb5b0 Uncommon trap: trap_request=0xffffff45 fr.pc=0x000001c75a533b0c relative=0x00000000000001ec
Event: 27.878 Thread 0x000001c76e7eb5b0 Uncommon trap: reason=unstable_if action=reinterpret pc=0x000001c75a533b0c method=java.util.HashMap.getNode(Ljava/lang/Object;)Ljava/util/HashMap$Node; @ 66 c2
Event: 27.878 Thread 0x000001c76e7eb5b0 DEOPT PACKING pc=0x000001c75a533b0c sp=0x00000001e9dfcba0
Event: 27.878 Thread 0x000001c76e7eb5b0 DEOPT UNPACKING pc=0x000001c759e023a3 sp=0x00000001e9dfcaa8 mode 2

Classes unloaded (0 events):
No events

Classes redefined (0 events):
No events

Internal exceptions (20 events):
Event: 11.487 Thread 0x000001c76e7ea270 Exception <a 'sun/nio/fs/WindowsException'{0x0000000087c6f950}> (0x0000000087c6f950) 
thrown [s\open\src\hotspot\share\prims\jni.cpp, line 516]
Event: 11.487 Thread 0x000001c76e7ea270 Exception <a 'sun/nio/fs/WindowsException'{0x0000000087c6fc70}> (0x0000000087c6fc70) 
thrown [s\open\src\hotspot\share\prims\jni.cpp, line 516]
Event: 11.487 Thread 0x000001c76e7ea270 Exception <a 'sun/nio/fs/WindowsException'{0x0000000087c705c8}> (0x0000000087c705c8) 
thrown [s\open\src\hotspot\share\prims\jni.cpp, line 516]
Event: 11.487 Thread 0x000001c76e7ea270 Exception <a 'sun/nio/fs/WindowsException'{0x0000000087c708c8}> (0x0000000087c708c8) 
thrown [s\open\src\hotspot\share\prims\jni.cpp, line 516]
Event: 11.487 Thread 0x000001c76e7ea270 Exception <a 'sun/nio/fs/WindowsException'{0x0000000087c71230}> (0x0000000087c71230) 
thrown [s\open\src\hotspot\share\prims\jni.cpp, line 516]
Event: 11.487 Thread 0x000001c76e7ea270 Exception <a 'sun/nio/fs/WindowsException'{0x0000000087c71550}> (0x0000000087c71550) 
thrown [s\open\src\hotspot\share\prims\jni.cpp, line 516]
Event: 11.487 Thread 0x000001c76e7ea270 Exception <a 'sun/nio/fs/WindowsException'{0x0000000087c71ed0}> (0x0000000087c71ed0) 
thrown [s\open\src\hotspot\share\prims\jni.cpp, line 516]
Event: 11.487 Thread 0x000001c76e7ea270 Exception <a 'sun/nio/fs/WindowsException'{0x0000000087c72200}> (0x0000000087c72200) 
thrown [s\open\src\hotspot\share\prims\jni.cpp, line 516]
Event: 11.487 Thread 0x000001c76e7ea270 Exception <a 'sun/nio/fs/WindowsException'{0x0000000087c72b98}> (0x0000000087c72b98) 
thrown [s\open\src\hotspot\share\prims\jni.cpp, line 516]
Event: 11.487 Thread 0x000001c76e7ea270 Exception <a 'sun/nio/fs/WindowsException'{0x0000000087c72ee8}> (0x0000000087c72ee8) 
thrown [s\open\src\hotspot\share\prims\jni.cpp, line 516]
Event: 11.487 Thread 0x000001c76e7ea270 Exception <a 'sun/nio/fs/WindowsException'{0x0000000087c73878}> (0x0000000087c73878) 
thrown [s\open\src\hotspot\share\prims\jni.cpp, line 516]
Event: 11.487 Thread 0x000001c76e7ea270 Exception <a 'sun/nio/fs/WindowsException'{0x0000000087c73bc8}> (0x0000000087c73bc8) 
thrown [s\open\src\hotspot\share\prims\jni.cpp, line 516]
Event: 11.939 Thread 0x000001c76d78f700 Implicit null exception at 0x000001c75a4723ba to 0x000001c75a4725ac
Event: 12.105 Thread 0x000001c76d78f700 Exception <a 'java/lang/NoSuchMethodError'{0x0000000088910ac8}: 'java.lang.Object java.lang.invoke.DirectMethodHandle$Holder.newInvokeSpecial(java.lang.Object, java.lang.Object, int, java.lang.Object, java.lang.Object)'> (0x0000000088910ac8) 
thrown [s\open\src\hotspot\share\interpreter\linkResolver.cpp, line 759]
Event: 12.107 Thread 0x000001c76d78f700 Exception <a 'java/lang/NoSuchMethodError'{0x000000008891c140}: 'java.lang.Object java.lang.invoke.DirectMethodHandle$Holder.invokeSpecial(java.lang.Object, java.lang.Object, int, java.lang.Object, int, java.lang.Object)'> (0x000000008891c140) 
thrown [s\open\src\hotspot\share\interpreter\linkResolver.cpp, line 759]
Event: 12.107 Thread 0x000001c76d78f700 Exception <a 'java/lang/NoSuchMethodError'{0x00000000889241f0}: 'java.lang.Object java.lang.invoke.DirectMethodHandle$Holder.newInvokeSpecial(java.lang.Object, java.lang.Object, int, java.lang.Object, int)'> (0x00000000889241f0) 
thrown [s\open\src\hotspot\share\interpreter\linkResolver.cpp, line 759]
Event: 12.108 Thread 0x000001c76d78f700 Exception <a 'java/lang/NoSuchMethodError'{0x00000000889282f0}: 'java.lang.Object java.lang.invoke.DirectMethodHandle$Holder.invokeSpecial(java.lang.Object, java.lang.Object, java.lang.Object, int, java.lang.Object, int)'> (0x00000000889282f0) 
thrown [s\open\src\hotspot\share\interpreter\linkResolver.cpp, line 759]
Event: 27.679 Thread 0x000001c76e7eb5b0 Exception <a 'java/lang/NoSuchMethodError'{0x00000000883fc638}: 'java.lang.Object java.lang.invoke.DirectMethodHandle$Holder.invokeSpecial(java.lang.Object, java.lang.Object, java.lang.Object, java.lang.Object, java.lang.Object, long)'> (0x00000000883fc638) 
thrown [s\open\src\hotspot\share\interpreter\linkResolver.cpp, line 759]
Event: 27.680 Thread 0x000001c76e7eb5b0 Exception <a 'java/lang/NoSuchMethodError'{0x00000000882002d8}: 'java.lang.Object java.lang.invoke.Invokers$Holder.linkToTargetMethod(java.lang.Object, java.lang.Object, java.lang.Object, long, java.lang.Object)'> (0x00000000882002d8) 
thrown [s\open\src\hotspot\share\interpreter\linkResolver.cpp, line 759]
Event: 28.048 Thread 0x000001c76e7eb5b0 Exception <a 'java/lang/NoSuchMethodError'{0x0000000087c3b490}: 'java.lang.Object java.lang.invoke.DirectMethodHandle$Holder.invokeInterface(java.lang.Object, java.lang.Object, java.lang.Object, java.lang.Object)'> (0x0000000087c3b490) 
thrown [s\open\src\hotspot\share\interpreter\linkResolver.cpp, line 759]

VM Operations (20 events):
Event: 12.113 Executing VM operation: HandshakeAllThreads
Event: 12.126 Executing VM operation: HandshakeAllThreads done
Event: 12.129 Executing VM operation: HandshakeAllThreads
Event: 12.129 Executing VM operation: HandshakeAllThreads done
Event: 12.188 Executing VM operation: HandshakeAllThreads
Event: 12.189 Executing VM operation: HandshakeAllThreads done
Event: 12.196 Executing VM operation: HandshakeAllThreads
Event: 12.196 Executing VM operation: HandshakeAllThreads done
Event: 13.198 Executing VM operation: Cleanup
Event: 13.199 Executing VM operation: Cleanup done
Event: 21.259 Executing VM operation: Cleanup
Event: 21.259 Executing VM operation: Cleanup done
Event: 27.709 Executing VM operation: HandshakeAllThreads
Event: 27.709 Executing VM operation: HandshakeAllThreads done
Event: 27.709 Executing VM operation: Cleanup
Event: 27.709 Executing VM operation: Cleanup done
Event: 27.857 Executing VM operation: HandshakeAllThreads
Event: 27.857 Executing VM operation: HandshakeAllThreads done
Event: 28.269 Executing VM operation: HandshakeAllThreads
Event: 28.269 Executing VM operation: HandshakeAllThreads done

Events (20 events):
Event: 27.637 loading class java/nio/channels/SelectionKey done
Event: 27.637 loading class java/nio/channels/spi/AbstractSelectionKey done
Event: 27.637 loading class sun/nio/ch/SelectionKeyImpl done
Event: 27.637 loading class java/lang/invoke/ConstantBootstraps
Event: 27.637 loading class java/lang/invoke/ConstantBootstraps done
Event: 27.683 loading class sun/nio/cs/ThreadLocalCoders
Event: 27.683 loading class sun/nio/cs/ThreadLocalCoders done
Event: 27.683 loading class sun/nio/cs/ThreadLocalCoders$1
Event: 27.683 loading class sun/nio/cs/ThreadLocalCoders$Cache
Event: 27.683 loading class sun/nio/cs/ThreadLocalCoders$Cache done
Event: 27.683 loading class sun/nio/cs/ThreadLocalCoders$1 done
Event: 27.683 loading class sun/nio/cs/ThreadLocalCoders$2
Event: 27.683 loading class sun/nio/cs/ThreadLocalCoders$2 done
Event: 27.817 loading class java/time/format/DateTimeFormatterBuilder$ZoneTextPrinterParser
Event: 27.840 loading class java/time/format/DateTimeFormatterBuilder$ZoneTextPrinterParser done
Event: 27.840 loading class java/time/format/DateTimeFormatterBuilder$ReducedPrinterParser
Event: 27.841 loading class java/time/format/DateTimeFormatterBuilder$ReducedPrinterParser done
Event: 28.131 loading class java/util/regex/Pattern$Bound
Event: 28.131 loading class java/util/regex/Pattern$Bound done
Event: 28.275 loading class java/util/OptionalLong


Dynamic libraries:
0x00007ff602b50000 - 0x00007ff602b60000 	C:\Program Files\Java\jdk-17\bin\java.exe
0x00007ffb208d0000 - 0x00007ffb20ac8000 	C:\Windows\SYSTEM32\ntdll.dll
0x00007ffb1f740000 - 0x00007ffb1f7ff000 	C:\Windows\System32\KERNEL32.DLL
0x00007ffb1e150000 - 0x00007ffb1e446000 	C:\Windows\System32\KERNELBASE.dll
0x00007ffb1e450000 - 0x00007ffb1e550000 	C:\Windows\System32\ucrtbase.dll
0x00007ffad26e0000 - 0x00007ffad26fb000 	C:\Program Files\Java\jdk-17\bin\VCRUNTIME140.dll
0x00007ffad26c0000 - 0x00007ffad26d9000 	C:\Program Files\Java\jdk-17\bin\jli.dll
0x00007ffb1f3c0000 - 0x00007ffb1f46f000 	C:\Windows\System32\ADVAPI32.dll
0x00007ffb1f470000 - 0x00007ffb1f50e000 	C:\Windows\System32\msvcrt.dll
0x00007ffb1f9b0000 - 0x00007ffb1fa4c000 	C:\Windows\System32\sechost.dll
0x00007ffb20470000 - 0x00007ffb20596000 	C:\Windows\System32\RPCRT4.dll
0x00007ffb1fb10000 - 0x00007ffb1fcad000 	C:\Windows\System32\USER32.dll
0x00007ffb1e720000 - 0x00007ffb1e742000 	C:\Windows\System32\win32u.dll
0x00007ffb00010000 - 0x00007ffb002aa000 	C:\Windows\WinSxS\amd64_microsoft.windows.common-controls_6595b64144ccf1df_6.0.19041.1110_none_60b5254171f9507e\COMCTL32.dll
0x00007ffb1f600000 - 0x00007ffb1f62c000 	C:\Windows\System32\GDI32.dll
0x00007ffb1e600000 - 0x00007ffb1e715000 	C:\Windows\System32\gdi32full.dll
0x00007ffb1e0b0000 - 0x00007ffb1e14d000 	C:\Windows\System32\msvcp_win.dll
0x00007ffb16090000 - 0x00007ffb1609a000 	C:\Windows\SYSTEM32\VERSION.dll
0x00007ffb1ebc0000 - 0x00007ffb1ebf0000 	C:\Windows\System32\IMM32.DLL
0x00007ffad26b0000 - 0x00007ffad26bc000 	C:\Program Files\Java\jdk-17\bin\vcruntime140_1.dll
0x00007ffad2620000 - 0x00007ffad26ae000 	C:\Program Files\Java\jdk-17\bin\msvcp140.dll
0x00007ffad19c0000 - 0x00007ffad259e000 	C:\Program Files\Java\jdk-17\bin\server\jvm.dll
0x00007ffb1f8f0000 - 0x00007ffb1f8f8000 	C:\Windows\System32\PSAPI.DLL
0x00007ffaf3e60000 - 0x00007ffaf3e69000 	C:\Windows\SYSTEM32\WSOCK32.dll
0x00007ffb1f800000 - 0x00007ffb1f86b000 	C:\Windows\System32\WS2_32.dll
0x00007ffafefe0000 - 0x00007ffaff007000 	C:\Windows\SYSTEM32\WINMM.dll
0x00007ffb1be70000 - 0x00007ffb1be82000 	C:\Windows\SYSTEM32\kernel.appcore.dll
0x00007ffad2610000 - 0x00007ffad261a000 	C:\Program Files\Java\jdk-17\bin\jimage.dll
0x00007ffb12ff0000 - 0x00007ffb131d4000 	C:\Windows\SYSTEM32\DBGHELP.DLL
0x00007ffb12f60000 - 0x00007ffb12f94000 	C:\Windows\SYSTEM32\dbgcore.DLL
0x00007ffb1e020000 - 0x00007ffb1e0a2000 	C:\Windows\System32\bcryptPrimitives.dll
0x00007ffafceb0000 - 0x00007ffafcebe000 	C:\Program Files\Java\jdk-17\bin\instrument.dll
0x00007ffad1990000 - 0x00007ffad19b5000 	C:\Program Files\Java\jdk-17\bin\java.dll
0x00007ffad1660000 - 0x00007ffad1737000 	C:\Program Files\Java\jdk-17\bin\jsvml.dll
0x00007ffb1fcb0000 - 0x00007ffb203f4000 	C:\Windows\System32\SHELL32.dll
0x00007ffb1c070000 - 0x00007ffb1c803000 	C:\Windows\SYSTEM32\windows.storage.dll
0x00007ffb1f060000 - 0x00007ffb1f3b4000 	C:\Windows\System32\combase.dll
0x00007ffb1d920000 - 0x00007ffb1d94e000 	C:\Windows\SYSTEM32\Wldp.dll
0x00007ffb1f690000 - 0x00007ffb1f73d000 	C:\Windows\System32\SHCORE.dll
0x00007ffb1f630000 - 0x00007ffb1f685000 	C:\Windows\System32\shlwapi.dll
0x00007ffb1dee0000 - 0x00007ffb1df05000 	C:\Windows\SYSTEM32\profapi.dll
0x00007ffad1930000 - 0x00007ffad1948000 	C:\Program Files\Java\jdk-17\bin\zip.dll
0x00007ffad1970000 - 0x00007ffad1989000 	C:\Program Files\Java\jdk-17\bin\net.dll
0x00007ffb16260000 - 0x00007ffb1636a000 	C:\Windows\SYSTEM32\WINHTTP.dll
0x00007ffb1d680000 - 0x00007ffb1d6ea000 	C:\Windows\system32\mswsock.dll
0x00007ffad1950000 - 0x00007ffad1966000 	C:\Program Files\Java\jdk-17\bin\nio.dll
0x00007ffaf92c0000 - 0x00007ffaf92da000 	C:\Program Files\JetBrains\IntelliJ IDEA Community Edition 2023.2.1\bin\breakgen64.dll
0x00007ffaf96b0000 - 0x00007ffaf96ba000 	C:\Program Files\Java\jdk-17\bin\management.dll
0x00007ffaf93d0000 - 0x00007ffaf93db000 	C:\Program Files\Java\jdk-17\bin\management_ext.dll
0x00007ffb1d870000 - 0x00007ffb1d888000 	C:\Windows\SYSTEM32\CRYPTSP.dll
0x00007ffb1cf90000 - 0x00007ffb1cfc4000 	C:\Windows\system32\rsaenh.dll
0x00007ffb1e750000 - 0x00007ffb1e777000 	C:\Windows\System32\bcrypt.dll
0x00007ffb1dea0000 - 0x00007ffb1dece000 	C:\Windows\SYSTEM32\USERENV.dll
0x00007ffb1d890000 - 0x00007ffb1d89c000 	C:\Windows\SYSTEM32\CRYPTBASE.dll
0x00007ffb1d370000 - 0x00007ffb1d3ab000 	C:\Windows\SYSTEM32\IPHLPAPI.DLL
0x00007ffb20630000 - 0x00007ffb20638000 	C:\Windows\System32\NSI.dll
0x00007ffb167a0000 - 0x00007ffb167b7000 	C:\Windows\SYSTEM32\dhcpcsvc6.DLL
0x00007ffb16780000 - 0x00007ffb1679d000 	C:\Windows\SYSTEM32\dhcpcsvc.DLL
0x00007ffb1d3b0000 - 0x00007ffb1d47a000 	C:\Windows\SYSTEM32\DNSAPI.dll
0x00007ffaf93c0000 - 0x00007ffaf93ce000 	C:\Program Files\Java\jdk-17\bin\sunmscapi.dll
0x00007ffb1e7d0000 - 0x00007ffb1e92e000 	C:\Windows\System32\CRYPT32.dll
0x00007ffb1d990000 - 0x00007ffb1d9b8000 	C:\Windows\SYSTEM32\ncrypt.dll
0x00007ffb1d950000 - 0x00007ffb1d98b000 	C:\Windows\SYSTEM32\NTASN1.dll
0x00007ffad1900000 - 0x00007ffad1910000 	C:\Program Files\Java\jdk-17\bin\verify.dll
0x00007ffb14fa0000 - 0x00007ffb14faa000 	C:\Windows\System32\rasadhlp.dll
0x00007ffb15020000 - 0x00007ffb150a2000 	C:\Windows\System32\fwpuclnt.dll
0x00007ffaed950000 - 0x00007ffaed957000 	C:\Windows\system32\wshunix.dll

dbghelp: loaded successfully - version: 4.0.5 - missing functions: none
symbol engine: initialized successfully - sym options: 0x614 - pdb path: .;C:\Program Files\Java\jdk-17\bin;C:\Windows\SYSTEM32;C:\Windows\WinSxS\amd64_microsoft.windows.common-controls_6595b64144ccf1df_6.0.19041.1110_none_60b5254171f9507e;C:\Program Files\Java\jdk-17\bin\server;C:\Program Files\JetBrains\IntelliJ IDEA Community Edition 2023.2.1\bin

VM Arguments:
jvm_args: -javaagent:C:\Program Files\JetBrains\IntelliJ IDEA Community Edition 2023.2.1\lib\idea_rt.jar=63838:C:\Program Files\JetBrains\IntelliJ IDEA Community Edition 2023.2.1\bin -Dfile.encoding=UTF-8 
java_command: com.springboot.springbootannotations.SpringbootAnnotationsApplication
java_class_path (initial): C:\Users\Surya5454\surya-springboot\springboot-annotations\target\classes;C:\Users\Surya5454\.m2\repository\org\springframework\boot\spring-boot-starter-data-jpa\3.1.3\spring-boot-starter-data-jpa-3.1.3.jar;C:\Users\Surya5454\.m2\repository\org\springframework\boot\spring-boot-starter-aop\3.1.3\spring-boot-starter-aop-3.1.3.jar;C:\Users\Surya5454\.m2\repository\org\springframework\spring-aop\6.0.11\spring-aop-6.0.11.jar;C:\Users\Surya5454\.m2\repository\org\aspectj\aspectjweaver\1.9.20\aspectjweaver-1.9.20.jar;C:\Users\Surya5454\.m2\repository\org\springframework\boot\spring-boot-starter-jdbc\3.1.3\spring-boot-starter-jdbc-3.1.3.jar;C:\Users\Surya5454\.m2\repository\com\zaxxer\HikariCP\5.0.1\HikariCP-5.0.1.jar;C:\Users\Surya5454\.m2\repository\org\springframework\spring-jdbc\6.0.11\spring-jdbc-6.0.11.jar;C:\Users\Surya5454\.m2\repository\org\hibernate\orm\hibernate-core\6.2.7.Final\hibernate-core-6.2.7.Final.jar;C:\Users\Surya5454\.m2\repository\jakarta\persistence\jakarta.persistence-api\3.1.0\jakarta.persistence-api-3.1.0.jar;C:\Users\Surya5454\.m2\repository\jakarta\transaction\jakarta.transaction-api\2.0.1\jakarta.transaction-api-2.0.1.jar;C:\Users\Surya5454\.m2\repository\org\jboss\logging\jboss-logging\3.5.3.Final\jboss-logging-3.5.3.Final.jar;C:\Users\Surya5454\.m2\repository\org\hibernate\common\hibernate-commons-annotations\6.0.6.Final\hibernate-commons-annotations-6.0.6.Final.jar;C:\Users\Surya5454\.m2\repository\io\smallrye\jandex\3.0.5\jandex-3.0.5.jar;C:\Users\Surya5454\.m2\repository\com\fasterxml\classmate\1.5.1\classmate-1.5.1.jar;C:\Users\Surya5454\.m2\repository\net\bytebuddy\byte-buddy\1.14.6\byte-buddy-1.14.6.jar;C:\Users\Surya5454\.m2\repository\org\glassfish\jaxb\jaxb-runtime\4.0.3\jaxb-runtime-4.0.3.jar;C:\Users\Surya5454\.m2\repository\org\glassfish\jaxb\jaxb-core\4.0.3\jaxb-core-4.0.3.jar;C:\Users\Surya5454\.m2\repository\org\eclipse\angus\angus-activation\2.0.1\angus-activation-2.0.1.jar;C:\Users\Surya5454\.m2\r
Launcher Type: SUN_STANDARD

[Global flags]
     intx CICompilerCount                          = 2                                         {product} {ergonomic}
     uint ConcGCThreads                            = 1                                         {product} {ergonomic}
     uint G1ConcRefinementThreads                  = 2                                         {product} {ergonomic}
   size_t G1HeapRegionSize                         = 1048576                                   {product} {ergonomic}
    uintx GCDrainStackTargetSize                   = 64                                        {product} {ergonomic}
   size_t InitialHeapSize                          = 134217728                                 {product} {ergonomic}
   size_t MarkStackSize                            = 4194304                                   {product} {ergonomic}
   size_t MaxHeapSize                              = 2134900736                                {product} {ergonomic}
   size_t MaxNewSize                               = 1280311296                                {product} {ergonomic}
   size_t MinHeapDeltaBytes                        = 1048576                                   {product} {ergonomic}
   size_t MinHeapSize                              = 8388608                                   {product} {ergonomic}
    uintx NonNMethodCodeHeapSize                   = 5826188                                {pd product} {ergonomic}
    uintx NonProfiledCodeHeapSize                  = 122916026                              {pd product} {ergonomic}
    uintx ProfiledCodeHeapSize                     = 122916026                              {pd product} {ergonomic}
    uintx ReservedCodeCacheSize                    = 251658240                              {pd product} {ergonomic}
     bool SegmentedCodeCache                       = true                                      {product} {ergonomic}
   size_t SoftMaxHeapSize                          = 2134900736                             {manageable} {ergonomic}
     bool UseCompressedClassPointers               = true                           {product lp64_product} {ergonomic}
     bool UseCompressedOops                        = true                           {product lp64_product} {ergonomic}
     bool UseG1GC                                  = true                                      {product} {ergonomic}
     bool UseLargePagesIndividualAllocation        = false                                  {pd product} {ergonomic}

Logging:
Log output configuration:
 #0: stdout all=warning uptime,level,tags
 #1: stderr all=off uptime,level,tags

Environment Variables:
JAVA_HOME=C:\Program Files\Java\jdk-17
PATH=C:\Program Files\Common Files\Oracle\Java\javapath;C:\Windows\system32;C:\Windows;C:\Windows\System32\Wbem;C:\Windows\System32\WindowsPowerShell\v1.0\;C:\Windows\System32\OpenSSH\;C:\Program Files\nodejs\;C:\Program Files\MySQL\MySQL Server 8.0\bin;C:\Program Files\Java\jdk-17bin;C:\Program Files\Git\cmd;C:\Program Files\MySQL\MySQL Shell 8.0\bin\;C:\Users\Surya5454\AppData\Local\Microsoft\WindowsApps;;C:\Users\Surya5454\AppData\Local\Programs\Microsoft VS Code\bin;C:\Users\Surya5454\AppData\Roaming\npm;C:\Program Files\JetBrains\IntelliJ IDEA Community Edition 2023.2.1\bin;
USERNAME=Surya5454
OS=Windows_NT
PROCESSOR_IDENTIFIER=AMD64 Family 23 Model 49 Stepping 0, AuthenticAMD



---------------  S Y S T E M  ---------------

OS:
 Windows 10 , 64 bit Build 19041 (10.0.19041.3155)
OS uptime: 0 days 23:05 hours
Hyper-V virtualization detected

CPU: total 2 (initial active 2) (2 cores per cpu, 2 threads per core) family 23 model 49 stepping 0 microcode 0x0, cx8, cmov, fxsr, ht, mmx, 3dnowpref, sse, sse2, sse3, ssse3, sse4a, sse4.1, sse4.2, popcnt, lzcnt, tsc, avx, avx2, aes, clmul, bmi1, bmi2, adx, sha, fma, vzeroupper, clflush, clflushopt, hv

Memory: 4k page, system-wide physical 8140M (957M free)
TotalPageFile size 10188M (AvailPageFile size 2M)
current process WorkingSet (physical memory assigned to process): 318M, peak: 318M
current process commit charge ("private bytes"): 347M, peak: 348M

vm_info: Java HotSpot(TM) 64-Bit Server VM (17.0.8+9-LTS-211) for windows-amd64 JRE (17.0.8+9-LTS-211), built on Jun 14 2023 10:34:31 by "mach5one" with MS VC++ 17.1 (VS2022)

END.
