#
# There is insufficient memory for the Java Runtime Environment to continue.
# Native memory allocation (mmap) failed to map 134217728 bytes for G1 virtual space
# Possible reasons:
#   The system is out of physical RAM or swap space
#   The process is running with CompressedOops enabled, and the Java Heap may be blocking the growth of the native heap
# Possible solutions:
#   Reduce memory load on the system
#   Increase physical memory or swap space
#   Check if swap backing store is full
#   Decrease Java heap size (-Xmx/-Xms)
#   Decrease number of Java threads
#   Decrease Java thread stack sizes (-Xss)
#   Set larger code cache with -XX:ReservedCodeCacheSize=
#   JVM is running with Unscaled Compressed Oops mode in which the Java heap is
#     placed in the first 4GB address space. The Java Heap base address is the
#     maximum limit for the native heap growth. Please use -XX:HeapBaseMinAddress
#     to set the Java Heap base and to place the Java Heap above 4GB virtual address.
# This output file may be truncated or incomplete.
#
#  Out of Memory Error (os_windows.cpp:3829), pid=8136, tid=10748
#
# JRE version:  (17.0.8+7) (build )
# Java VM: OpenJDK 64-Bit Server VM (17.0.8+7-b1000.8, mixed mode, sharing, tiered, compressed oops, compressed class ptrs, g1 gc, windows-amd64)
# No core dump will be written. Minidumps are not enabled by default on client versions of Windows
#

---------------  S U M M A R Y ------------

Command Line: git4idea.http.GitAskPassApp Username for 'https://github.com': 

Host: AMD EPYC 7452 32-Core Processor                , 2 cores, 7G,  Windows 10 , 64 bit Build 19041 (10.0.19041.3155)
Time: Mon Aug 28 11:46:04 2023 Coordinated Universal Time elapsed time: 0.022710 seconds (0d 0h 0m 0s)

---------------  T H R E A D  ---------------

Current thread (0x0000024b7c8a70d0):  JavaThread "Unknown thread" [_thread_in_vm, id=10748, stack(0x000000f27a800000,0x000000f27a900000)]

Stack: [0x000000f27a800000,0x000000f27a900000]
Native frames: (J=compiled Java code, j=interpreted, Vv=VM code, C=native code)
V  [jvm.dll+0x6852da]
V  [jvm.dll+0x844c84]
V  [jvm.dll+0x84659e]
V  [jvm.dll+0x846c03]
V  [jvm.dll+0x24b7cf]
V  [jvm.dll+0x682049]
V  [jvm.dll+0x67671a]
V  [jvm.dll+0x30be2b]
V  [jvm.dll+0x3132d6]
V  [jvm.dll+0x36302e]
V  [jvm.dll+0x36325f]
V  [jvm.dll+0x2e1f48]
V  [jvm.dll+0x2e2eb4]
V  [jvm.dll+0x815c11]
V  [jvm.dll+0x370df1]
V  [jvm.dll+0x7f4fdc]
V  [jvm.dll+0x3f3f1f]
V  [jvm.dll+0x3f5b31]
C  [jli.dll+0x528f]
C  [ucrtbase.dll+0x21bb2]
C  [KERNEL32.DLL+0x17614]
C  [ntdll.dll+0x526b1]


---------------  P R O C E S S  ---------------

Threads class SMR info:
_java_thread_list=0x00007ffe84030098, length=0, elements={
}

Java Threads: ( => current thread )

Other Threads:
  0x0000024b7c901230 GCTaskThread "GC Thread#0" [stack: 0x000000f27a900000,0x000000f27aa00000] [id=7252]
  0x0000024b7c912610 ConcurrentGCThread "G1 Main Marker" [stack: 0x000000f27aa00000,0x000000f27ab00000] [id=8584]
  0x0000024b7c9137c0 ConcurrentGCThread "G1 Conc#0" [stack: 0x000000f27ab00000,0x000000f27ac00000] [id=1712]

[error occurred during error reporting (printing all threads), id 0xc0000005, EXCEPTION_ACCESS_VIOLATION (0xc0000005) at pc=0x00007ffe837e2ab7]

VM state: not at safepoint (not fully initialized)

VM Mutex/Monitor currently owned by a thread:  ([mutex/lock_event])
[0x0000024b7c8a09a0] Heap_lock - owner thread: 0x0000024b7c8a70d0

Heap address: 0x0000000080c00000, size: 2036 MB, Compressed Oops mode: 32-bit

CDS archive(s) mapped at: [0x0000000000000000-0x0000000000000000-0x0000000000000000), size 0, SharedBaseAddress: 0x0000000800000000, ArchiveRelocationMode: 1.
Narrow klass base: 0x0000000000000000, Narrow klass shift: 0, Narrow klass range: 0x0

GC Precious Log:
<Empty>

Heap:
 garbage-first heap   total 0K, used 0K [0x0000000080c00000, 0x0000000100000000)
  region size 1024K, 0 young (0K), 0 survivors (0K)
 Metaspace       used 0K, committed 0K, reserved 0K
  class space    used 0K, committed 0K, reserved 0K

Heap Regions: E=young(eden), S=young(survivor), O=old, HS=humongous(starts), HC=humongous(continues), CS=collection set, F=free, OA=open archive, CA=closed archive, TAMS=top-at-mark-start (previous, next)

Card table byte_map: [0x0000024b7c960000,0x0000024b7cd60000] _byte_map_base: 0x0000024b7c55a000

Marking Bits (Prev, Next): (CMBitMap*) 0x0000024b7c901850, (CMBitMap*) 0x0000024b7c901890
 Prev Bits: [0x0000024b7d160000, 0x0000024b7f130000)
 Next Bits: [0x0000024b126b0000, 0x0000024b14680000)

GC Heap History (0 events):
No events

Dll operation events (1 events):
Event: 0.007 Loaded shared library C:\Program Files\JetBrains\IntelliJ IDEA Community Edition 2023.2.1\jbr\bin\java.dll

Deoptimization events (0 events):
No events

Classes unloaded (0 events):
No events

Classes redefined (0 events):
No events

Internal exceptions (0 events):
No events

VM Operations (0 events):
No events

Events (0 events):
No events


Dynamic libraries:
0x00007ff709db0000 - 0x00007ff709dba000 	C:\Program Files\JetBrains\IntelliJ IDEA Community Edition 2023.2.1\jbr\bin\java.exe
0x00007ffec9150000 - 0x00007ffec9348000 	C:\Windows\SYSTEM32\ntdll.dll
0x00007ffec8b00000 - 0x00007ffec8bbf000 	C:\Windows\System32\KERNEL32.DLL
0x00007ffec6830000 - 0x00007ffec6b26000 	C:\Windows\System32\KERNELBASE.dll
0x00007ffec4290000 - 0x00007ffec4321000 	C:\Windows\SYSTEM32\apphelp.dll
0x00007ffec6c60000 - 0x00007ffec6d60000 	C:\Windows\System32\ucrtbase.dll
0x00007ffec0ad0000 - 0x00007ffec0aeb000 	C:\Program Files\JetBrains\IntelliJ IDEA Community Edition 2023.2.1\jbr\bin\VCRUNTIME140.dll
0x00007ffeb0cf0000 - 0x00007ffeb0d07000 	C:\Program Files\JetBrains\IntelliJ IDEA Community Edition 2023.2.1\jbr\bin\jli.dll
0x00007ffec7e30000 - 0x00007ffec7fcd000 	C:\Windows\System32\USER32.dll
0x00007ffec6c30000 - 0x00007ffec6c52000 	C:\Windows\System32\win32u.dll
0x00007ffec8d80000 - 0x00007ffec8dac000 	C:\Windows\System32\GDI32.dll
0x00007ffec6ef0000 - 0x00007ffec7005000 	C:\Windows\System32\gdi32full.dll
0x00007ffec7010000 - 0x00007ffec70ad000 	C:\Windows\System32\msvcp_win.dll
0x00007ffea7a40000 - 0x00007ffea7cda000 	C:\Windows\WinSxS\amd64_microsoft.windows.common-controls_6595b64144ccf1df_6.0.19041.1110_none_60b5254171f9507e\COMCTL32.dll
0x00007ffec7bf0000 - 0x00007ffec7c8e000 	C:\Windows\System32\msvcrt.dll
0x00007ffec81f0000 - 0x00007ffec8220000 	C:\Windows\System32\IMM32.DLL
0x00007ffebfd00000 - 0x00007ffebfd0c000 	C:\Program Files\JetBrains\IntelliJ IDEA Community Edition 2023.2.1\jbr\bin\vcruntime140_1.dll
0x00007ffeb15b0000 - 0x00007ffeb163d000 	C:\Program Files\JetBrains\IntelliJ IDEA Community Edition 2023.2.1\jbr\bin\msvcp140.dll
0x00007ffe834f0000 - 0x00007ffe84173000 	C:\Program Files\JetBrains\IntelliJ IDEA Community Edition 2023.2.1\jbr\bin\server\jvm.dll
0x00007ffec8220000 - 0x00007ffec82cf000 	C:\Windows\System32\ADVAPI32.dll
0x00007ffec7ae0000 - 0x00007ffec7b7c000 	C:\Windows\System32\sechost.dll
0x00007ffec8c50000 - 0x00007ffec8d76000 	C:\Windows\System32\RPCRT4.dll
0x00007ffec6690000 - 0x00007ffec66db000 	C:\Windows\SYSTEM32\POWRPROF.dll
0x00007ffec20b0000 - 0x00007ffec20b9000 	C:\Windows\SYSTEM32\WSOCK32.dll
0x00007ffea6da0000 - 0x00007ffea6dc7000 	C:\Windows\SYSTEM32\WINMM.dll
0x00007ffec8be0000 - 0x00007ffec8c4b000 	C:\Windows\System32\WS2_32.dll
0x00007ffebd3c0000 - 0x00007ffebd3ca000 	C:\Windows\SYSTEM32\VERSION.dll
0x00007ffec6670000 - 0x00007ffec6682000 	C:\Windows\SYSTEM32\UMPDC.dll
0x00007ffec45f0000 - 0x00007ffec4602000 	C:\Windows\SYSTEM32\kernel.appcore.dll
0x00007ffebb4a0000 - 0x00007ffebb4aa000 	C:\Program Files\JetBrains\IntelliJ IDEA Community Edition 2023.2.1\jbr\bin\jimage.dll
0x00007ffeb7dd0000 - 0x00007ffeb7fb4000 	C:\Windows\SYSTEM32\DBGHELP.DLL
0x00007ffebc9c0000 - 0x00007ffebc9f4000 	C:\Windows\SYSTEM32\dbgcore.DLL
0x00007ffec6b30000 - 0x00007ffec6bb2000 	C:\Windows\System32\bcryptPrimitives.dll
0x00007ffebb3f0000 - 0x00007ffebb415000 	C:\Program Files\JetBrains\IntelliJ IDEA Community Edition 2023.2.1\jbr\bin\java.dll

dbghelp: loaded successfully - version: 4.0.5 - missing functions: none
symbol engine: initialized successfully - sym options: 0x614 - pdb path: .;C:\Program Files\JetBrains\IntelliJ IDEA Community Edition 2023.2.1\jbr\bin;C:\Windows\SYSTEM32;C:\Windows\WinSxS\amd64_microsoft.windows.common-controls_6595b64144ccf1df_6.0.19041.1110_none_60b5254171f9507e;C:\Program Files\JetBrains\IntelliJ IDEA Community Edition 2023.2.1\jbr\bin\server

VM Arguments:
java_command: git4idea.http.GitAskPassApp Username for 'https://github.com': 
java_class_path (initial): C:/Program Files/JetBrains/IntelliJ IDEA Community Edition 2023.2.1/plugins/vcs-git/lib/git4idea-rt.jar;C:/Program Files/JetBrains/IntelliJ IDEA Community Edition 2023.2.1/lib/externalProcess-rt.jar
Launcher Type: SUN_STANDARD

[Global flags]
     intx CICompilerCount                          = 2                                         {product} {ergonomic}
     uint ConcGCThreads                            = 1                                         {product} {ergonomic}
     uint G1ConcRefinementThreads                  = 2                                         {product} {ergonomic}
   size_t G1HeapRegionSize                         = 1048576                                   {product} {ergonomic}
    uintx GCDrainStackTargetSize                   = 64                                        {product} {ergonomic}
   size_t InitialHeapSize                          = 134217728                                 {product} {ergonomic}
   size_t MarkStackSize                            = 4194304                                   {product} {ergonomic}
   size_t MaxHeapSize                              = 2134900736                                {product} {ergonomic}
   size_t MinHeapDeltaBytes                        = 1048576                                   {product} {ergonomic}
   size_t MinHeapSize                              = 8388608                                   {product} {ergonomic}
    uintx NonNMethodCodeHeapSize                   = 5826188                                {pd product} {ergonomic}
    uintx NonProfiledCodeHeapSize                  = 122916026                              {pd product} {ergonomic}
    uintx ProfiledCodeHeapSize                     = 122916026                              {pd product} {ergonomic}
    uintx ReservedCodeCacheSize                    = 251658240                              {pd product} {ergonomic}
     bool SegmentedCodeCache                       = true                                      {product} {ergonomic}
   size_t SoftMaxHeapSize                          = 2134900736                             {manageable} {ergonomic}
     bool UseCompressedClassPointers               = true                           {product lp64_product} {ergonomic}
     bool UseCompressedOops                        = true                           {product lp64_product} {ergonomic}
     bool UseG1GC                                  = true                                      {product} {ergonomic}
     bool UseLargePagesIndividualAllocation        = false                                  {pd product} {ergonomic}

Logging:
Log output configuration:
 #0: stdout all=warning uptime,level,tags
 #1: stderr all=off uptime,level,tags

Environment Variables:
PATH=C:\Program Files\Git\mingw64\libexec\git-core;C:\Program Files\Git\mingw64\libexec\git-core;C:\Program Files\Git\mingw64\bin;C:\Program Files\Git\usr\bin;C:\Users\Surya5454\bin;C:\Program Files\Common Files\Oracle\Java\javapath;C:\Windows\system32;C:\Windows;C:\Windows\System32\Wbem;C:\Windows\System32\WindowsPowerShell\v1.0;C:\Windows\System32\OpenSSH;C:\Program Files\nodejs;C:\Users\Surya5454\AppData\Local\Microsoft\WindowsApps;C:\Users\Surya5454\AppData\Local\Programs\Microsoft VS Code\bin;C:\Users\Surya5454\AppData\Roaming\npm
USERNAME=Surya5454
DISPLAY=:0.0
LC_ALL=en_US.UTF-8
TERM=xterm-256color
TMPDIR=C:\Users\SURYA5~1\AppData\Local\Temp
OS=Windows_NT
PROCESSOR_IDENTIFIER=AMD64 Family 23 Model 49 Stepping 0, AuthenticAMD
TMP=C:\Users\SURYA5~1\AppData\Local\Temp
TEMP=C:\Users\SURYA5~1\AppData\Local\Temp


JNI global refs:
JNI global refs: 0, weak refs: 0

JNI global refs memory usage: 0, weak refs: 0

OOME stack traces (most recent first):
Classloader memory used:


---------------  S Y S T E M  ---------------

OS:
 Windows 10 , 64 bit Build 19041 (10.0.19041.3155)
OS uptime: 2 days 0:49 hours
Hyper-V virtualization detected

CPU: total 2 (initial active 2) (2 cores per cpu, 2 threads per core) family 23 model 49 stepping 0 microcode 0x0, cx8, cmov, fxsr, ht, mmx, 3dnowpref, sse, sse2, sse3, ssse3, sse4a, sse4.1, sse4.2, popcnt, lzcnt, tsc, avx, avx2, aes, clmul, bmi1, bmi2, adx, sha, fma, vzeroupper, clflush, clflushopt, hv
Processor Information for all 2 processors :
  Max Mhz: 2346, Current Mhz: 2346, Mhz Limit: 2346

Memory: 4k page, system-wide physical 8140M (1015M free)
TotalPageFile size 10188M (AvailPageFile size 24M)
current process WorkingSet (physical memory assigned to process): 11M, peak: 11M
current process commit charge ("private bytes"): 48M, peak: 175M

vm_info: OpenJDK 64-Bit Server VM (17.0.8+7-b1000.8) for windows-amd64 JRE (17.0.8+7-b1000.8), built on 2023-08-04 by "builduser" with MS VC++ 16.10 / 16.11 (VS2019)

END.
